
c:\program files\easyphp1-8\www\phpmyfactures\factures>PATH=c:\program Files\MiKTeX 2.5\miktex\bin;C:\WINDOWS\system32;c:\windows;c:\program Files\ghostgum\gsview 

c:\program files\easyphp1-8\www\phpmyfactures\factures>latex "\nonstopmode\input" all.tex 
This is pdfeTeX, Version 3.141592-1.30.6-2.2 (MiKTeX 2.5)
entering extended mode
LaTeX2e <2005/12/01>
Babel <v3.8g> and hyphenation patterns for english, dumylang, nohyphenation, ge
rman, ngerman, french, loaded.

(all.tex ("C:\Program Files\MiKTeX 2.5\tex\latex\base\article.cls"
Document Class: article 2005/09/16 v1.4f Standard LaTeX document class
("C:\Program Files\MiKTeX 2.5\tex\latex\base\size10.clo")) (fancyhdr.sty)
("C:\Program Files\MiKTeX 2.5\tex\latex\tools\layout.sty")
("C:\Program Files\MiKTeX 2.5\tex\latex\tools\hhline.sty")
("C:\Program Files\MiKTeX 2.5\tex\latex\base\fontenc.sty"
("C:\Program Files\MiKTeX 2.5\tex\latex\base\t1enc.def"))
("C:\Program Files\MiKTeX 2.5\tex\generic\babel\babel.sty"
*************************************
* Local config file bblopts.cfg used
*
("C:\Program Files\MiKTeX 2.5\tex\latex\00miktex\bblopts.cfg")
("C:\Program Files\MiKTeX 2.5\tex\generic\babel\frenchb.ldf"
("C:\Program Files\MiKTeX 2.5\tex\generic\babel\babel.def")
*************************************
* Local config file frenchb.cfg used
*
("C:\Program Files\MiKTeX 2.5\tex\generic\babel\frenchb.cfg")))
("C:\Program Files\MiKTeX 2.5\tex\latex\multirow\multirow.sty")
("C:\Program Files\MiKTeX 2.5\tex\latex\graphics\graphicx.sty"
("C:\Program Files\MiKTeX 2.5\tex\latex\graphics\keyval.sty")
("C:\Program Files\MiKTeX 2.5\tex\latex\graphics\graphics.sty"
("C:\Program Files\MiKTeX 2.5\tex\latex\graphics\trig.sty")
("C:\Program Files\MiKTeX 2.5\tex\latex\00miktex\graphics.cfg")
("C:\Program Files\MiKTeX 2.5\tex\latex\graphics\dvips.def"))) (all.aux)
("C:\Program Files\MiKTeX 2.5\tex\latex\lm\t1lmr.fd")
("C:\Program Files\MiKTeX 2.5\tex\latex\tools\hhline.sty")
Overfull \hbox (118.25436pt too wide) in paragraph at lines 73--99
[][]   [] 

Overfull \hbox (3.64702pt too wide) in paragraph at lines 106--106
[]\T1/cmr/bx/n/9 Article| 

Underfull \hbox (badness 10000) in paragraph at lines 110--110
[]\T1/cmr/bx/n/9 Poids net

Underfull \hbox (badness 10000) in paragraph at lines 111--111
[]\T1/cmr/bx/n/9 Prix Uni-
! Missing } inserted.
<inserted text> 
                }
l.114  & \small{FEUILLETE D'ESCARGOT) &
                                        1 & 1.00 & 1.00 &  & \multicolumn{1}...


! LaTeX Error: File `poisson.bb' not found.

See the LaTeX manual or LaTeX Companion for explanation.
Type  H <return>  for immediate help.
 ...                                              
                                                  
l.171 \end{document}
                    

! LaTeX Error: Cannot determine size of graphic in poisson.bb (no BoundingBox).


See the LaTeX manual or LaTeX Companion for explanation.
Type  H <return>  for immediate help.
 ...                                              
                                                  
l.171 \end{document}
                    
<poisson.jpg>
! Extra alignment tab has been changed to \cr.
<template> \endtemplate 
                        
l.171 \end{document}
                    
[1] (all.aux) )
(see the transcript file for additional information)
Output written on all.dvi (1 page, 8536 bytes).
Transcript written on all.log.

c:\program files\easyphp1-8\www\phpmyfactures\factures>dvips all 

c:\program files\easyphp1-8\www\phpmyfactures\factures>copy all.ps c:\Oyak\facture.ps																				 
        1 fichier(s) copi‚(s).

c:\program files\easyphp1-8\www\phpmyfactures\factures>gsprint all.ps 
AFPL Ghostscript 8.53 (2005-10-20)
Copyright (C) 2005 artofcode LLC, Benicia, CA.  All rights reserved.
This software comes with NO WARRANTY: see the file PUBLIC for details.
Copyright (C) 2003-2006, Ghostgum Software Pty Ltd.  All Rights Reserved.
2006-02-24 gsprint 1.9
Page 1, PRINT
